==8765== Memcheck, a memory error detector
==8765== Copyright (C) 2002-2017, and GNU GPL'd, by Julian Seward et al.
==8765== Using Valgrind-3.18.1 and LibVEX; rerun with -h for copyright info
==8765== Command: ./minishell
==8765== Parent PID: 2192
==8765== 
==8765== Conditional jump or move depends on uninitialised value(s)
==8765==    at 0x10C913: lexer (in /home/mtemel/42cursus/minishell_folders/mini_shell/minishell_path/minishell)
==8765==    by 0x10965B: main (in /home/mtemel/42cursus/minishell_folders/mini_shell/minishell_path/minishell)
==8765== 
==8765== Conditional jump or move depends on uninitialised value(s)
==8765==    at 0x10CF31: ft_lstadd_back (in /home/mtemel/42cursus/minishell_folders/mini_shell/minishell_path/minishell)
==8765==    by 0x10C7E0: lexir (in /home/mtemel/42cursus/minishell_folders/mini_shell/minishell_path/minishell)
==8765==    by 0x10C968: lexer (in /home/mtemel/42cursus/minishell_folders/mini_shell/minishell_path/minishell)
==8765==    by 0x10965B: main (in /home/mtemel/42cursus/minishell_folders/mini_shell/minishell_path/minishell)
==8765== 
==8765== Invalid read of size 1
==8765==    at 0x10D3C9: uisnamequal (in /home/mtemel/42cursus/minishell_folders/mini_shell/minishell_path/minishell)
==8765==    by 0x1096DA: cdelete_node (in /home/mtemel/42cursus/minishell_folders/mini_shell/minishell_path/minishell)
==8765==    by 0x109865: ft_cd_norm (in /home/mtemel/42cursus/minishell_folders/mini_shell/minishell_path/minishell)
==8765==    by 0x1099B6: ft_cd (in /home/mtemel/42cursus/minishell_folders/mini_shell/minishell_path/minishell)
==8765==    by 0x10AA79: run_cmd_without_pipe (in /home/mtemel/42cursus/minishell_folders/mini_shell/minishell_path/minishell)
==8765==    by 0x10A63C: executor (in /home/mtemel/42cursus/minishell_folders/mini_shell/minishell_path/minishell)
==8765==    by 0x109682: main (in /home/mtemel/42cursus/minishell_folders/mini_shell/minishell_path/minishell)
==8765==  Address 0x4b58b10 is 0 bytes inside a block of size 5 free'd
==8765==    at 0x484B27F: free (in /usr/libexec/valgrind/vgpreload_memcheck-amd64-linux.so)
==8765==    by 0x10B6F8: ft_strjoin (in /home/mtemel/42cursus/minishell_folders/mini_shell/minishell_path/minishell)
==8765==    by 0x109996: ft_cd (in /home/mtemel/42cursus/minishell_folders/mini_shell/minishell_path/minishell)
==8765==    by 0x10AA79: run_cmd_without_pipe (in /home/mtemel/42cursus/minishell_folders/mini_shell/minishell_path/minishell)
==8765==    by 0x10A63C: executor (in /home/mtemel/42cursus/minishell_folders/mini_shell/minishell_path/minishell)
==8765==    by 0x109682: main (in /home/mtemel/42cursus/minishell_folders/mini_shell/minishell_path/minishell)
==8765==  Block was alloc'd at
==8765==    at 0x4848899: malloc (in /usr/libexec/valgrind/vgpreload_memcheck-amd64-linux.so)
==8765==    by 0x10B743: ft_strdup (in /home/mtemel/42cursus/minishell_folders/mini_shell/minishell_path/minishell)
==8765==    by 0x1098D3: ft_cd (in /home/mtemel/42cursus/minishell_folders/mini_shell/minishell_path/minishell)
==8765==    by 0x10AA79: run_cmd_without_pipe (in /home/mtemel/42cursus/minishell_folders/mini_shell/minishell_path/minishell)
==8765==    by 0x10A63C: executor (in /home/mtemel/42cursus/minishell_folders/mini_shell/minishell_path/minishell)
==8765==    by 0x109682: main (in /home/mtemel/42cursus/minishell_folders/mini_shell/minishell_path/minishell)
==8765== 
==8765== Invalid read of size 1
==8765==    at 0x10D365: uisnamequal (in /home/mtemel/42cursus/minishell_folders/mini_shell/minishell_path/minishell)
==8765==    by 0x1096DA: cdelete_node (in /home/mtemel/42cursus/minishell_folders/mini_shell/minishell_path/minishell)
==8765==    by 0x109865: ft_cd_norm (in /home/mtemel/42cursus/minishell_folders/mini_shell/minishell_path/minishell)
==8765==    by 0x1099B6: ft_cd (in /home/mtemel/42cursus/minishell_folders/mini_shell/minishell_path/minishell)
==8765==    by 0x10AA79: run_cmd_without_pipe (in /home/mtemel/42cursus/minishell_folders/mini_shell/minishell_path/minishell)
==8765==    by 0x10A63C: executor (in /home/mtemel/42cursus/minishell_folders/mini_shell/minishell_path/minishell)
==8765==    by 0x109682: main (in /home/mtemel/42cursus/minishell_folders/mini_shell/minishell_path/minishell)
==8765==  Address 0x4b58b10 is 0 bytes inside a block of size 5 free'd
==8765==    at 0x484B27F: free (in /usr/libexec/valgrind/vgpreload_memcheck-amd64-linux.so)
==8765==    by 0x10B6F8: ft_strjoin (in /home/mtemel/42cursus/minishell_folders/mini_shell/minishell_path/minishell)
==8765==    by 0x109996: ft_cd (in /home/mtemel/42cursus/minishell_folders/mini_shell/minishell_path/minishell)
==8765==    by 0x10AA79: run_cmd_without_pipe (in /home/mtemel/42cursus/minishell_folders/mini_shell/minishell_path/minishell)
==8765==    by 0x10A63C: executor (in /home/mtemel/42cursus/minishell_folders/mini_shell/minishell_path/minishell)
==8765==    by 0x109682: main (in /home/mtemel/42cursus/minishell_folders/mini_shell/minishell_path/minishell)
==8765==  Block was alloc'd at
==8765==    at 0x4848899: malloc (in /usr/libexec/valgrind/vgpreload_memcheck-amd64-linux.so)
==8765==    by 0x10B743: ft_strdup (in /home/mtemel/42cursus/minishell_folders/mini_shell/minishell_path/minishell)
==8765==    by 0x1098D3: ft_cd (in /home/mtemel/42cursus/minishell_folders/mini_shell/minishell_path/minishell)
==8765==    by 0x10AA79: run_cmd_without_pipe (in /home/mtemel/42cursus/minishell_folders/mini_shell/minishell_path/minishell)
==8765==    by 0x10A63C: executor (in /home/mtemel/42cursus/minishell_folders/mini_shell/minishell_path/minishell)
==8765==    by 0x109682: main (in /home/mtemel/42cursus/minishell_folders/mini_shell/minishell_path/minishell)
==8765== 
==8765== Invalid read of size 1
==8765==    at 0x10D3C9: uisnamequal (in /home/mtemel/42cursus/minishell_folders/mini_shell/minishell_path/minishell)
==8765==    by 0x10973F: cdelete_node (in /home/mtemel/42cursus/minishell_folders/mini_shell/minishell_path/minishell)
==8765==    by 0x109865: ft_cd_norm (in /home/mtemel/42cursus/minishell_folders/mini_shell/minishell_path/minishell)
==8765==    by 0x1099B6: ft_cd (in /home/mtemel/42cursus/minishell_folders/mini_shell/minishell_path/minishell)
==8765==    by 0x10AA79: run_cmd_without_pipe (in /home/mtemel/42cursus/minishell_folders/mini_shell/minishell_path/minishell)
==8765==    by 0x10A63C: executor (in /home/mtemel/42cursus/minishell_folders/mini_shell/minishell_path/minishell)
==8765==    by 0x109682: main (in /home/mtemel/42cursus/minishell_folders/mini_shell/minishell_path/minishell)
==8765==  Address 0x4b58b10 is 0 bytes inside a block of size 5 free'd
==8765==    at 0x484B27F: free (in /usr/libexec/valgrind/vgpreload_memcheck-amd64-linux.so)
==8765==    by 0x10B6F8: ft_strjoin (in /home/mtemel/42cursus/minishell_folders/mini_shell/minishell_path/minishell)
==8765==    by 0x109996: ft_cd (in /home/mtemel/42cursus/minishell_folders/mini_shell/minishell_path/minishell)
==8765==    by 0x10AA79: run_cmd_without_pipe (in /home/mtemel/42cursus/minishell_folders/mini_shell/minishell_path/minishell)
==8765==    by 0x10A63C: executor (in /home/mtemel/42cursus/minishell_folders/mini_shell/minishell_path/minishell)
==8765==    by 0x109682: main (in /home/mtemel/42cursus/minishell_folders/mini_shell/minishell_path/minishell)
==8765==  Block was alloc'd at
==8765==    at 0x4848899: malloc (in /usr/libexec/valgrind/vgpreload_memcheck-amd64-linux.so)
==8765==    by 0x10B743: ft_strdup (in /home/mtemel/42cursus/minishell_folders/mini_shell/minishell_path/minishell)
==8765==    by 0x1098D3: ft_cd (in /home/mtemel/42cursus/minishell_folders/mini_shell/minishell_path/minishell)
==8765==    by 0x10AA79: run_cmd_without_pipe (in /home/mtemel/42cursus/minishell_folders/mini_shell/minishell_path/minishell)
==8765==    by 0x10A63C: executor (in /home/mtemel/42cursus/minishell_folders/mini_shell/minishell_path/minishell)
==8765==    by 0x109682: main (in /home/mtemel/42cursus/minishell_folders/mini_shell/minishell_path/minishell)
==8765== 
==8765== Invalid read of size 1
==8765==    at 0x10D365: uisnamequal (in /home/mtemel/42cursus/minishell_folders/mini_shell/minishell_path/minishell)
==8765==    by 0x10973F: cdelete_node (in /home/mtemel/42cursus/minishell_folders/mini_shell/minishell_path/minishell)
==8765==    by 0x109865: ft_cd_norm (in /home/mtemel/42cursus/minishell_folders/mini_shell/minishell_path/minishell)
==8765==    by 0x1099B6: ft_cd (in /home/mtemel/42cursus/minishell_folders/mini_shell/minishell_path/minishell)
==8765==    by 0x10AA79: run_cmd_without_pipe (in /home/mtemel/42cursus/minishell_folders/mini_shell/minishell_path/minishell)
==8765==    by 0x10A63C: executor (in /home/mtemel/42cursus/minishell_folders/mini_shell/minishell_path/minishell)
==8765==    by 0x109682: main (in /home/mtemel/42cursus/minishell_folders/mini_shell/minishell_path/minishell)
==8765==  Address 0x4b58b10 is 0 bytes inside a block of size 5 free'd
==8765==    at 0x484B27F: free (in /usr/libexec/valgrind/vgpreload_memcheck-amd64-linux.so)
==8765==    by 0x10B6F8: ft_strjoin (in /home/mtemel/42cursus/minishell_folders/mini_shell/minishell_path/minishell)
==8765==    by 0x109996: ft_cd (in /home/mtemel/42cursus/minishell_folders/mini_shell/minishell_path/minishell)
==8765==    by 0x10AA79: run_cmd_without_pipe (in /home/mtemel/42cursus/minishell_folders/mini_shell/minishell_path/minishell)
==8765==    by 0x10A63C: executor (in /home/mtemel/42cursus/minishell_folders/mini_shell/minishell_path/minishell)
==8765==    by 0x109682: main (in /home/mtemel/42cursus/minishell_folders/mini_shell/minishell_path/minishell)
==8765==  Block was alloc'd at
==8765==    at 0x4848899: malloc (in /usr/libexec/valgrind/vgpreload_memcheck-amd64-linux.so)
==8765==    by 0x10B743: ft_strdup (in /home/mtemel/42cursus/minishell_folders/mini_shell/minishell_path/minishell)
==8765==    by 0x1098D3: ft_cd (in /home/mtemel/42cursus/minishell_folders/mini_shell/minishell_path/minishell)
==8765==    by 0x10AA79: run_cmd_without_pipe (in /home/mtemel/42cursus/minishell_folders/mini_shell/minishell_path/minishell)
==8765==    by 0x10A63C: executor (in /home/mtemel/42cursus/minishell_folders/mini_shell/minishell_path/minishell)
==8765==    by 0x109682: main (in /home/mtemel/42cursus/minishell_folders/mini_shell/minishell_path/minishell)
==8765== 
==8765== Invalid read of size 1
==8765==    at 0x10D393: uisnamequal (in /home/mtemel/42cursus/minishell_folders/mini_shell/minishell_path/minishell)
==8765==    by 0x10973F: cdelete_node (in /home/mtemel/42cursus/minishell_folders/mini_shell/minishell_path/minishell)
==8765==    by 0x109865: ft_cd_norm (in /home/mtemel/42cursus/minishell_folders/mini_shell/minishell_path/minishell)
==8765==    by 0x1099B6: ft_cd (in /home/mtemel/42cursus/minishell_folders/mini_shell/minishell_path/minishell)
==8765==    by 0x10AA79: run_cmd_without_pipe (in /home/mtemel/42cursus/minishell_folders/mini_shell/minishell_path/minishell)
==8765==    by 0x10A63C: executor (in /home/mtemel/42cursus/minishell_folders/mini_shell/minishell_path/minishell)
==8765==    by 0x109682: main (in /home/mtemel/42cursus/minishell_folders/mini_shell/minishell_path/minishell)
==8765==  Address 0x4b58b10 is 0 bytes inside a block of size 5 free'd
==8765==    at 0x484B27F: free (in /usr/libexec/valgrind/vgpreload_memcheck-amd64-linux.so)
==8765==    by 0x10B6F8: ft_strjoin (in /home/mtemel/42cursus/minishell_folders/mini_shell/minishell_path/minishell)
==8765==    by 0x109996: ft_cd (in /home/mtemel/42cursus/minishell_folders/mini_shell/minishell_path/minishell)
==8765==    by 0x10AA79: run_cmd_without_pipe (in /home/mtemel/42cursus/minishell_folders/mini_shell/minishell_path/minishell)
==8765==    by 0x10A63C: executor (in /home/mtemel/42cursus/minishell_folders/mini_shell/minishell_path/minishell)
==8765==    by 0x109682: main (in /home/mtemel/42cursus/minishell_folders/mini_shell/minishell_path/minishell)
==8765==  Block was alloc'd at
==8765==    at 0x4848899: malloc (in /usr/libexec/valgrind/vgpreload_memcheck-amd64-linux.so)
==8765==    by 0x10B743: ft_strdup (in /home/mtemel/42cursus/minishell_folders/mini_shell/minishell_path/minishell)
==8765==    by 0x1098D3: ft_cd (in /home/mtemel/42cursus/minishell_folders/mini_shell/minishell_path/minishell)
==8765==    by 0x10AA79: run_cmd_without_pipe (in /home/mtemel/42cursus/minishell_folders/mini_shell/minishell_path/minishell)
==8765==    by 0x10A63C: executor (in /home/mtemel/42cursus/minishell_folders/mini_shell/minishell_path/minishell)
==8765==    by 0x109682: main (in /home/mtemel/42cursus/minishell_folders/mini_shell/minishell_path/minishell)
==8765== 
==8765== Invalid write of size 8
==8765==    at 0x10A6D9: list_changed (in /home/mtemel/42cursus/minishell_folders/mini_shell/minishell_path/minishell)
==8765==    by 0x10AB72: run_cmd_without_pipe (in /home/mtemel/42cursus/minishell_folders/mini_shell/minishell_path/minishell)
==8765==    by 0x10A63C: executor (in /home/mtemel/42cursus/minishell_folders/mini_shell/minishell_path/minishell)
==8765==    by 0x109682: main (in /home/mtemel/42cursus/minishell_folders/mini_shell/minishell_path/minishell)
==8765==  Address 0x4b5bad8 is 8 bytes inside a block of size 9 alloc'd
==8765==    at 0x4848899: malloc (in /usr/libexec/valgrind/vgpreload_memcheck-amd64-linux.so)
==8765==    by 0x10A67F: list_changed (in /home/mtemel/42cursus/minishell_folders/mini_shell/minishell_path/minishell)
==8765==    by 0x10AB72: run_cmd_without_pipe (in /home/mtemel/42cursus/minishell_folders/mini_shell/minishell_path/minishell)
==8765==    by 0x10A63C: executor (in /home/mtemel/42cursus/minishell_folders/mini_shell/minishell_path/minishell)
==8765==    by 0x109682: main (in /home/mtemel/42cursus/minishell_folders/mini_shell/minishell_path/minishell)
==8765== 
==8834== Invalid write of size 8
==8834==    at 0x10B9EF: spl (in /home/mtemel/42cursus/minishell_folders/mini_shell/minishell_path/minishell)
==8834==    by 0x10BAFC: ft_split (in /home/mtemel/42cursus/minishell_folders/mini_shell/minishell_path/minishell)
==8834==    by 0x10A7C8: func_path (in /home/mtemel/42cursus/minishell_folders/mini_shell/minishell_path/minishell)
==8834==    by 0x10A92E: other_commands (in /home/mtemel/42cursus/minishell_folders/mini_shell/minishell_path/minishell)
==8834==    by 0x10AB7A: run_cmd_without_pipe (in /home/mtemel/42cursus/minishell_folders/mini_shell/minishell_path/minishell)
==8834==    by 0x10A63C: executor (in /home/mtemel/42cursus/minishell_folders/mini_shell/minishell_path/minishell)
==8834==    by 0x109682: main (in /home/mtemel/42cursus/minishell_folders/mini_shell/minishell_path/minishell)
==8834==  Address 0x4b5bc70 is 256 bytes inside a block of size 257 alloc'd
==8834==    at 0x4848899: malloc (in /usr/libexec/valgrind/vgpreload_memcheck-amd64-linux.so)
==8834==    by 0x10BAD2: ft_split (in /home/mtemel/42cursus/minishell_folders/mini_shell/minishell_path/minishell)
==8834==    by 0x10A7C8: func_path (in /home/mtemel/42cursus/minishell_folders/mini_shell/minishell_path/minishell)
==8834==    by 0x10A92E: other_commands (in /home/mtemel/42cursus/minishell_folders/mini_shell/minishell_path/minishell)
==8834==    by 0x10AB7A: run_cmd_without_pipe (in /home/mtemel/42cursus/minishell_folders/mini_shell/minishell_path/minishell)
==8834==    by 0x10A63C: executor (in /home/mtemel/42cursus/minishell_folders/mini_shell/minishell_path/minishell)
==8834==    by 0x109682: main (in /home/mtemel/42cursus/minishell_folders/mini_shell/minishell_path/minishell)
==8834== 
==8834== Syscall param execve(argv) points to unaddressable byte(s)
==8834==    at 0x49A40FB: execve (syscall-template.S:120)
==8834==    by 0x10A71B: exec_func (in /home/mtemel/42cursus/minishell_folders/mini_shell/minishell_path/minishell)
==8834==    by 0x10A940: other_commands (in /home/mtemel/42cursus/minishell_folders/mini_shell/minishell_path/minishell)
==8834==    by 0x10AB7A: run_cmd_without_pipe (in /home/mtemel/42cursus/minishell_folders/mini_shell/minishell_path/minishell)
==8834==    by 0x10A63C: executor (in /home/mtemel/42cursus/minishell_folders/mini_shell/minishell_path/minishell)
==8834==    by 0x109682: main (in /home/mtemel/42cursus/minishell_folders/mini_shell/minishell_path/minishell)
==8834==  Address 0x4b5bad9 is 0 bytes after a block of size 9 alloc'd
==8834==    at 0x4848899: malloc (in /usr/libexec/valgrind/vgpreload_memcheck-amd64-linux.so)
==8834==    by 0x10A67F: list_changed (in /home/mtemel/42cursus/minishell_folders/mini_shell/minishell_path/minishell)
==8834==    by 0x10AB72: run_cmd_without_pipe (in /home/mtemel/42cursus/minishell_folders/mini_shell/minishell_path/minishell)
==8834==    by 0x10A63C: executor (in /home/mtemel/42cursus/minishell_folders/mini_shell/minishell_path/minishell)
==8834==    by 0x109682: main (in /home/mtemel/42cursus/minishell_folders/mini_shell/minishell_path/minishell)
==8834== 
==8765== Conditional jump or move depends on uninitialised value(s)
==8765==    at 0x10A964: other_commands (in /home/mtemel/42cursus/minishell_folders/mini_shell/minishell_path/minishell)
==8765==    by 0x10AB7A: run_cmd_without_pipe (in /home/mtemel/42cursus/minishell_folders/mini_shell/minishell_path/minishell)
==8765==    by 0x10A63C: executor (in /home/mtemel/42cursus/minishell_folders/mini_shell/minishell_path/minishell)
==8765==    by 0x109682: main (in /home/mtemel/42cursus/minishell_folders/mini_shell/minishell_path/minishell)
==8765== 
==8899== Invalid read of size 8
==8899==    at 0x10A896: func_path (in /home/mtemel/42cursus/minishell_folders/mini_shell/minishell_path/minishell)
==8899==    by 0x10A92E: other_commands (in /home/mtemel/42cursus/minishell_folders/mini_shell/minishell_path/minishell)
==8899==    by 0x10AB7A: run_cmd_without_pipe (in /home/mtemel/42cursus/minishell_folders/mini_shell/minishell_path/minishell)
==8899==    by 0x10A63C: executor (in /home/mtemel/42cursus/minishell_folders/mini_shell/minishell_path/minishell)
==8899==    by 0x109682: main (in /home/mtemel/42cursus/minishell_folders/mini_shell/minishell_path/minishell)
==8899==  Address 0x0 is not stack'd, malloc'd or (recently) free'd
==8899== 
==8899== 
==8899== Process terminating with default action of signal 11 (SIGSEGV)
==8899==  Access not within mapped region at address 0x0
==8899==    at 0x10A896: func_path (in /home/mtemel/42cursus/minishell_folders/mini_shell/minishell_path/minishell)
==8899==    by 0x10A92E: other_commands (in /home/mtemel/42cursus/minishell_folders/mini_shell/minishell_path/minishell)
==8899==    by 0x10AB7A: run_cmd_without_pipe (in /home/mtemel/42cursus/minishell_folders/mini_shell/minishell_path/minishell)
==8899==    by 0x10A63C: executor (in /home/mtemel/42cursus/minishell_folders/mini_shell/minishell_path/minishell)
==8899==    by 0x109682: main (in /home/mtemel/42cursus/minishell_folders/mini_shell/minishell_path/minishell)
==8899==  If you believe this happened as a result of a stack
==8899==  overflow in your program's main thread (unlikely but
==8899==  possible), you can try to increase the size of the
==8899==  main thread stack using the --main-stacksize= flag.
==8899==  The main thread stack size used in this run was 8388608.
==8899== 
==8899== HEAP SUMMARY:
==8899==     in use at exit: 219,434 bytes in 348 blocks
==8899==   total heap usage: 649 allocs, 301 frees, 253,225 bytes allocated
==8899== 
==8899== LEAK SUMMARY:
==8899==    definitely lost: 0 bytes in 0 blocks
==8899==    indirectly lost: 0 bytes in 0 blocks
==8899==      possibly lost: 0 bytes in 0 blocks
==8899==    still reachable: 219,434 bytes in 348 blocks
==8899==         suppressed: 0 bytes in 0 blocks
==8899== Reachable blocks (those to which a pointer was found) are not shown.
==8899== To see them, rerun with: --leak-check=full --show-leak-kinds=all
==8899== 
==8899== Use --track-origins=yes to see where uninitialised values come from
==8899== For lists of detected and suppressed errors, rerun with: -s
==8899== ERROR SUMMARY: 176 errors from 10 contexts (suppressed: 0 from 0)
==8919== Invalid read of size 8
==8919==    at 0x10A896: func_path (in /home/mtemel/42cursus/minishell_folders/mini_shell/minishell_path/minishell)
==8919==    by 0x10A92E: other_commands (in /home/mtemel/42cursus/minishell_folders/mini_shell/minishell_path/minishell)
==8919==    by 0x10AB7A: run_cmd_without_pipe (in /home/mtemel/42cursus/minishell_folders/mini_shell/minishell_path/minishell)
==8919==    by 0x10A63C: executor (in /home/mtemel/42cursus/minishell_folders/mini_shell/minishell_path/minishell)
==8919==    by 0x109682: main (in /home/mtemel/42cursus/minishell_folders/mini_shell/minishell_path/minishell)
==8919==  Address 0x0 is not stack'd, malloc'd or (recently) free'd
==8919== 
==8919== 
==8919== Process terminating with default action of signal 11 (SIGSEGV)
==8919==  Access not within mapped region at address 0x0
==8919==    at 0x10A896: func_path (in /home/mtemel/42cursus/minishell_folders/mini_shell/minishell_path/minishell)
==8919==    by 0x10A92E: other_commands (in /home/mtemel/42cursus/minishell_folders/mini_shell/minishell_path/minishell)
==8919==    by 0x10AB7A: run_cmd_without_pipe (in /home/mtemel/42cursus/minishell_folders/mini_shell/minishell_path/minishell)
==8919==    by 0x10A63C: executor (in /home/mtemel/42cursus/minishell_folders/mini_shell/minishell_path/minishell)
==8919==    by 0x109682: main (in /home/mtemel/42cursus/minishell_folders/mini_shell/minishell_path/minishell)
==8919==  If you believe this happened as a result of a stack
==8919==  overflow in your program's main thread (unlikely but
==8919==  possible), you can try to increase the size of the
==8919==  main thread stack using the --main-stacksize= flag.
==8919==  The main thread stack size used in this run was 8388608.
==8919== 
==8919== HEAP SUMMARY:
==8919==     in use at exit: 219,537 bytes in 354 blocks
==8919==   total heap usage: 670 allocs, 316 frees, 255,673 bytes allocated
==8919== 
==8919== LEAK SUMMARY:
==8919==    definitely lost: 0 bytes in 0 blocks
==8919==    indirectly lost: 0 bytes in 0 blocks
==8919==      possibly lost: 0 bytes in 0 blocks
==8919==    still reachable: 219,537 bytes in 354 blocks
==8919==         suppressed: 0 bytes in 0 blocks
==8919== Reachable blocks (those to which a pointer was found) are not shown.
==8919== To see them, rerun with: --leak-check=full --show-leak-kinds=all
==8919== 
==8919== Use --track-origins=yes to see where uninitialised values come from
==8919== For lists of detected and suppressed errors, rerun with: -s
==8919== ERROR SUMMARY: 178 errors from 10 contexts (suppressed: 0 from 0)
==8765== 
==8765== HEAP SUMMARY:
==8765==     in use at exit: 212,624 bytes in 329 blocks
==8765==   total heap usage: 683 allocs, 354 frees, 256,915 bytes allocated
==8765== 
==8765== LEAK SUMMARY:
==8765==    definitely lost: 0 bytes in 0 blocks
==8765==    indirectly lost: 0 bytes in 0 blocks
==8765==      possibly lost: 0 bytes in 0 blocks
==8765==    still reachable: 212,624 bytes in 329 blocks
==8765==         suppressed: 0 bytes in 0 blocks
==8765== Reachable blocks (those to which a pointer was found) are not shown.
==8765== To see them, rerun with: --leak-check=full --show-leak-kinds=all
==8765== 
==8765== Use --track-origins=yes to see where uninitialised values come from
==8765== For lists of detected and suppressed errors, rerun with: -s
==8765== ERROR SUMMARY: 178 errors from 9 contexts (suppressed: 0 from 0)
